\BOOKMARK [0][-]{chapter.1}{Introdu\347\343o}{}
\BOOKMARK [1][-]{section.1.1}{Introdu\347\343o ao livro.}{chapter.1}
\BOOKMARK [2][-]{subsection.1.1.1}{Sobre THE BIG BOOK OF ROBOTA.}{section.1.1}
\BOOKMARK [1][-]{section.1.2}{Estrura de pastas.}{chapter.1}
\BOOKMARK [2][-]{subsection.1.2.1}{Adicionando sua contribui\347\343o.}{section.1.2}
\BOOKMARK [0][-]{chapter.2}{Software}{}
\BOOKMARK [1][-]{section.2.1}{Controle de vers\343o}{chapter.2}
\BOOKMARK [2][-]{subsection.2.1.1}{Git}{section.2.1}
\BOOKMARK [2][-]{subsection.2.1.2}{Primeiros passos}{section.2.1}
\BOOKMARK [2][-]{subsection.2.1.3}{Ramifica\347\365es ou Branchs}{section.2.1}
\BOOKMARK [1][-]{section.2.2}{Criando um servidor remoto de vers\343o}{chapter.2}
\BOOKMARK [2][-]{subsection.2.2.1}{Criando o server git}{section.2.2}
\BOOKMARK [2][-]{subsection.2.2.2}{Configurando o pc do desenvolvedor}{section.2.2}
\BOOKMARK [1][-]{section.2.3}{Arduino}{chapter.2}
\BOOKMARK [2][-]{subsection.2.3.1}{Adicionar Bibliotecas do Arduino}{section.2.3}
\BOOKMARK [2][-]{subsection.2.3.2}{Biblioteca MensagensArduinoRobota}{section.2.3}
\BOOKMARK [2][-]{subsection.2.3.3}{Visual C++ e Portas Seriais}{section.2.3}
\BOOKMARK [1][-]{section.2.4}{Documenta\347\343o Doxygen e o Doxywizard}{chapter.2}
\BOOKMARK [2][-]{subsection.2.4.1}{Uso}{section.2.4}
\BOOKMARK [2][-]{subsection.2.4.2}{Doxywizard}{section.2.4}
\BOOKMARK [0][-]{chapter.3}{Hardware}{}
\BOOKMARK [1][-]{section.3.1}{B\341sico}{chapter.3}
\BOOKMARK [2][-]{subsection.3.1.1}{Elementos b\341sicos}{section.3.1}
\BOOKMARK [2][-]{subsection.3.1.2}{Aplica\347\365es em Rob\363tica M\363vel}{section.3.1}
\BOOKMARK [1][-]{section.3.2}{Placa de Circuito Impresso}{chapter.3}
\BOOKMARK [2][-]{subsection.3.2.1}{O que \351?}{section.3.2}
\BOOKMARK [2][-]{subsection.3.2.2}{Elementos b\341sicos}{section.3.2}
\BOOKMARK [2][-]{subsection.3.2.3}{CADs}{section.3.2}
\BOOKMARK [1][-]{section.3.3}{Softwares}{chapter.3}
\BOOKMARK [2][-]{subsection.3.3.1}{Proteus}{section.3.3}
\BOOKMARK [2][-]{subsection.3.3.2}{Eagle}{section.3.3}
\BOOKMARK [2][-]{subsection.3.3.3}{Altium Designer}{section.3.3}
\BOOKMARK [2][-]{subsection.3.3.4}{Psim}{section.3.3}
\BOOKMARK [0][-]{chapter.4}{Mec\342nica}{}
\BOOKMARK [0][-]{chapter.5}{Gerencial}{}
